{"/home/gabriel/Área de Trabalho/TrabalhoPI/controllers/calculadora.js":{"path":"/home/gabriel/Área de Trabalho/TrabalhoPI/controllers/calculadora.js","s":{"1":1,"2":1,"3":2,"4":2,"5":2,"6":2,"7":2,"8":24,"9":24,"10":24,"11":24,"12":5,"13":2,"14":5,"15":5,"16":1,"17":1,"18":1,"19":1,"20":1,"21":1,"22":1,"23":1,"24":1,"25":1,"26":1,"27":1,"28":1,"29":1,"30":1,"31":1,"32":1,"33":1,"34":1,"35":1,"36":1,"37":0,"38":0,"39":0,"40":0,"41":0,"42":0,"43":0,"44":0,"45":0,"46":0,"47":0,"48":0,"49":0,"50":0,"51":0,"52":0,"53":0,"54":0,"55":0,"56":0,"57":0,"58":0,"59":0,"60":0,"61":0,"62":0,"63":0,"64":0,"65":0,"66":0,"67":0,"68":0,"69":0,"70":0,"71":0,"72":0,"73":0,"74":1},"b":{"1":[0,0],"2":[0,0]},"f":{"1":1,"2":2,"3":24,"4":5,"5":2,"6":5,"7":5,"8":1,"9":1,"10":1,"11":1,"12":1,"13":1,"14":1,"15":1,"16":1,"17":1,"18":1,"19":1,"20":1,"21":1,"22":1,"23":1,"24":1,"25":1,"26":1,"27":1,"28":1,"29":0,"30":0,"31":0,"32":0,"33":0,"34":0,"35":0,"36":0,"37":0,"38":0,"39":0,"40":0,"41":0,"42":0,"43":0,"44":0,"45":0,"46":0,"47":0,"48":0,"49":0,"50":0,"51":0,"52":0,"53":0,"54":0,"55":0,"56":0,"57":0},"fnMap":{"1":{"name":"(anonymous_1)","line":1,"loc":{"start":{"line":1,"column":17},"end":{"line":1,"column":28}}},"2":{"name":"(anonymous_2)","line":4,"loc":{"start":{"line":4,"column":21},"end":{"line":4,"column":41}}},"3":{"name":"(anonymous_3)","line":17,"loc":{"start":{"line":17,"column":14},"end":{"line":17,"column":35}}},"4":{"name":"(anonymous_4)","line":26,"loc":{"start":{"line":26,"column":11},"end":{"line":26,"column":38}}},"5":{"name":"(anonymous_5)","line":30,"loc":{"start":{"line":30,"column":14},"end":{"line":30,"column":41}}},"6":{"name":"(anonymous_6)","line":34,"loc":{"start":{"line":34,"column":17},"end":{"line":34,"column":44}}},"7":{"name":"(anonymous_7)","line":38,"loc":{"start":{"line":38,"column":13},"end":{"line":38,"column":40}}},"8":{"name":"(anonymous_8)","line":42,"loc":{"start":{"line":42,"column":20},"end":{"line":42,"column":46}}},"9":{"name":"(anonymous_9)","line":46,"loc":{"start":{"line":46,"column":19},"end":{"line":46,"column":45}}},"10":{"name":"(anonymous_10)","line":50,"loc":{"start":{"line":50,"column":15},"end":{"line":50,"column":41}}},"11":{"name":"(anonymous_11)","line":54,"loc":{"start":{"line":54,"column":22},"end":{"line":54,"column":39}}},"12":{"name":"(anonymous_12)","line":58,"loc":{"start":{"line":58,"column":23},"end":{"line":58,"column":40}}},"13":{"name":"(anonymous_13)","line":62,"loc":{"start":{"line":62,"column":23},"end":{"line":62,"column":40}}},"14":{"name":"(anonymous_14)","line":66,"loc":{"start":{"line":66,"column":26},"end":{"line":66,"column":43}}},"15":{"name":"(anonymous_15)","line":70,"loc":{"start":{"line":70,"column":26},"end":{"line":70,"column":43}}},"16":{"name":"(anonymous_16)","line":74,"loc":{"start":{"line":74,"column":26},"end":{"line":74,"column":43}}},"17":{"name":"(anonymous_17)","line":78,"loc":{"start":{"line":78,"column":26},"end":{"line":78,"column":43}}},"18":{"name":"(anonymous_18)","line":82,"loc":{"start":{"line":82,"column":26},"end":{"line":82,"column":43}}},"19":{"name":"(anonymous_19)","line":86,"loc":{"start":{"line":86,"column":23},"end":{"line":86,"column":50}}},"20":{"name":"(anonymous_20)","line":90,"loc":{"start":{"line":90,"column":30},"end":{"line":90,"column":57}}},"21":{"name":"(anonymous_21)","line":94,"loc":{"start":{"line":94,"column":26},"end":{"line":94,"column":53}}},"22":{"name":"(anonymous_22)","line":98,"loc":{"start":{"line":98,"column":22},"end":{"line":98,"column":49}}},"23":{"name":"(anonymous_23)","line":102,"loc":{"start":{"line":102,"column":20},"end":{"line":102,"column":47}}},"24":{"name":"(anonymous_24)","line":106,"loc":{"start":{"line":106,"column":18},"end":{"line":106,"column":45}}},"25":{"name":"(anonymous_25)","line":110,"loc":{"start":{"line":110,"column":19},"end":{"line":110,"column":46}}},"26":{"name":"(anonymous_26)","line":114,"loc":{"start":{"line":114,"column":20},"end":{"line":114,"column":47}}},"27":{"name":"(anonymous_27)","line":118,"loc":{"start":{"line":118,"column":19},"end":{"line":118,"column":46}}},"28":{"name":"(anonymous_28)","line":122,"loc":{"start":{"line":122,"column":20},"end":{"line":122,"column":47}}},"29":{"name":"(anonymous_29)","line":127,"loc":{"start":{"line":127,"column":20},"end":{"line":127,"column":40}}},"30":{"name":"(anonymous_30)","line":135,"loc":{"start":{"line":135,"column":22},"end":{"line":135,"column":37}}},"31":{"name":"(anonymous_31)","line":150,"loc":{"start":{"line":150,"column":10},"end":{"line":150,"column":38}}},"32":{"name":"(anonymous_32)","line":154,"loc":{"start":{"line":154,"column":10},"end":{"line":154,"column":38}}},"33":{"name":"(anonymous_33)","line":158,"loc":{"start":{"line":158,"column":13},"end":{"line":158,"column":41}}},"34":{"name":"(anonymous_34)","line":162,"loc":{"start":{"line":162,"column":16},"end":{"line":162,"column":44}}},"35":{"name":"(anonymous_35)","line":166,"loc":{"start":{"line":166,"column":12},"end":{"line":166,"column":40}}},"36":{"name":"(anonymous_36)","line":170,"loc":{"start":{"line":170,"column":18},"end":{"line":170,"column":45}}},"37":{"name":"(anonymous_37)","line":174,"loc":{"start":{"line":174,"column":18},"end":{"line":174,"column":45}}},"38":{"name":"(anonymous_38)","line":178,"loc":{"start":{"line":178,"column":14},"end":{"line":178,"column":41}}},"39":{"name":"(anonymous_39)","line":182,"loc":{"start":{"line":182,"column":21},"end":{"line":182,"column":48}}},"40":{"name":"(anonymous_40)","line":186,"loc":{"start":{"line":186,"column":22},"end":{"line":186,"column":49}}},"41":{"name":"(anonymous_41)","line":190,"loc":{"start":{"line":190,"column":22},"end":{"line":190,"column":49}}},"42":{"name":"(anonymous_42)","line":194,"loc":{"start":{"line":194,"column":25},"end":{"line":194,"column":52}}},"43":{"name":"(anonymous_43)","line":198,"loc":{"start":{"line":198,"column":25},"end":{"line":198,"column":52}}},"44":{"name":"(anonymous_44)","line":202,"loc":{"start":{"line":202,"column":25},"end":{"line":202,"column":52}}},"45":{"name":"(anonymous_45)","line":206,"loc":{"start":{"line":206,"column":25},"end":{"line":206,"column":52}}},"46":{"name":"(anonymous_46)","line":210,"loc":{"start":{"line":210,"column":25},"end":{"line":210,"column":52}}},"47":{"name":"(anonymous_47)","line":214,"loc":{"start":{"line":214,"column":22},"end":{"line":214,"column":49}}},"48":{"name":"(anonymous_48)","line":218,"loc":{"start":{"line":218,"column":29},"end":{"line":218,"column":56}}},"49":{"name":"(anonymous_49)","line":222,"loc":{"start":{"line":222,"column":25},"end":{"line":222,"column":52}}},"50":{"name":"(anonymous_50)","line":226,"loc":{"start":{"line":226,"column":21},"end":{"line":226,"column":48}}},"51":{"name":"(anonymous_51)","line":230,"loc":{"start":{"line":230,"column":19},"end":{"line":230,"column":46}}},"52":{"name":"(anonymous_52)","line":234,"loc":{"start":{"line":234,"column":17},"end":{"line":234,"column":44}}},"53":{"name":"(anonymous_53)","line":238,"loc":{"start":{"line":238,"column":18},"end":{"line":238,"column":45}}},"54":{"name":"(anonymous_54)","line":242,"loc":{"start":{"line":242,"column":19},"end":{"line":242,"column":46}}},"55":{"name":"(anonymous_55)","line":246,"loc":{"start":{"line":246,"column":18},"end":{"line":246,"column":45}}},"56":{"name":"(anonymous_56)","line":250,"loc":{"start":{"line":250,"column":19},"end":{"line":250,"column":46}}},"57":{"name":"(anonymous_57)","line":256,"loc":{"start":{"line":256,"column":13},"end":{"line":256,"column":41}}}},"statementMap":{"1":{"start":{"line":1,"column":0},"end":{"line":267,"column":2}},"2":{"start":{"line":2,"column":1},"end":{"line":264,"column":3}},"3":{"start":{"line":5,"column":4},"end":{"line":5,"column":43}},"4":{"start":{"line":6,"column":4},"end":{"line":8,"column":6}},"5":{"start":{"line":10,"column":4},"end":{"line":10,"column":64}},"6":{"start":{"line":11,"column":4},"end":{"line":11,"column":35}},"7":{"start":{"line":13,"column":4},"end":{"line":13,"column":20}},"8":{"start":{"line":18,"column":5},"end":{"line":18,"column":50}},"9":{"start":{"line":19,"column":5},"end":{"line":19,"column":50}},"10":{"start":{"line":21,"column":5},"end":{"line":21,"column":86}},"11":{"start":{"line":23,"column":5},"end":{"line":23,"column":22}},"12":{"start":{"line":27,"column":5},"end":{"line":27,"column":30}},"13":{"start":{"line":31,"column":5},"end":{"line":31,"column":28}},"14":{"start":{"line":35,"column":5},"end":{"line":35,"column":30}},"15":{"start":{"line":39,"column":5},"end":{"line":39,"column":30}},"16":{"start":{"line":43,"column":5},"end":{"line":43,"column":36}},"17":{"start":{"line":47,"column":5},"end":{"line":47,"column":36}},"18":{"start":{"line":51,"column":5},"end":{"line":51,"column":36}},"19":{"start":{"line":55,"column":5},"end":{"line":55,"column":25}},"20":{"start":{"line":59,"column":5},"end":{"line":59,"column":25}},"21":{"start":{"line":63,"column":5},"end":{"line":63,"column":26}},"22":{"start":{"line":67,"column":5},"end":{"line":67,"column":25}},"23":{"start":{"line":71,"column":5},"end":{"line":71,"column":25}},"24":{"start":{"line":75,"column":5},"end":{"line":75,"column":25}},"25":{"start":{"line":79,"column":5},"end":{"line":79,"column":25}},"26":{"start":{"line":83,"column":5},"end":{"line":83,"column":25}},"27":{"start":{"line":87,"column":5},"end":{"line":87,"column":39}},"28":{"start":{"line":91,"column":5},"end":{"line":91,"column":37}},"29":{"start":{"line":95,"column":5},"end":{"line":95,"column":37}},"30":{"start":{"line":99,"column":5},"end":{"line":99,"column":40}},"31":{"start":{"line":103,"column":5},"end":{"line":103,"column":37}},"32":{"start":{"line":107,"column":5},"end":{"line":107,"column":40}},"33":{"start":{"line":111,"column":5},"end":{"line":111,"column":39}},"34":{"start":{"line":115,"column":5},"end":{"line":115,"column":38}},"35":{"start":{"line":119,"column":5},"end":{"line":119,"column":38}},"36":{"start":{"line":123,"column":5},"end":{"line":123,"column":39}},"37":{"start":{"line":128,"column":4},"end":{"line":130,"column":5}},"38":{"start":{"line":129,"column":5},"end":{"line":129,"column":34}},"39":{"start":{"line":132,"column":4},"end":{"line":132,"column":15}},"40":{"start":{"line":136,"column":4},"end":{"line":140,"column":6}},"41":{"start":{"line":142,"column":4},"end":{"line":142,"column":72}},"42":{"start":{"line":143,"column":4},"end":{"line":143,"column":72}},"43":{"start":{"line":145,"column":4},"end":{"line":145,"column":22}},"44":{"start":{"line":151,"column":4},"end":{"line":151,"column":29}},"45":{"start":{"line":155,"column":4},"end":{"line":155,"column":29}},"46":{"start":{"line":159,"column":4},"end":{"line":159,"column":32}},"47":{"start":{"line":163,"column":4},"end":{"line":163,"column":35}},"48":{"start":{"line":167,"column":4},"end":{"line":167,"column":31}},"49":{"start":{"line":171,"column":4},"end":{"line":171,"column":37}},"50":{"start":{"line":175,"column":4},"end":{"line":175,"column":37}},"51":{"start":{"line":179,"column":4},"end":{"line":179,"column":33}},"52":{"start":{"line":183,"column":4},"end":{"line":183,"column":40}},"53":{"start":{"line":187,"column":4},"end":{"line":187,"column":41}},"54":{"start":{"line":191,"column":4},"end":{"line":191,"column":41}},"55":{"start":{"line":195,"column":4},"end":{"line":195,"column":44}},"56":{"start":{"line":199,"column":4},"end":{"line":199,"column":44}},"57":{"start":{"line":203,"column":4},"end":{"line":203,"column":44}},"58":{"start":{"line":207,"column":4},"end":{"line":207,"column":44}},"59":{"start":{"line":211,"column":4},"end":{"line":211,"column":44}},"60":{"start":{"line":215,"column":4},"end":{"line":215,"column":41}},"61":{"start":{"line":219,"column":4},"end":{"line":219,"column":48}},"62":{"start":{"line":223,"column":4},"end":{"line":223,"column":44}},"63":{"start":{"line":227,"column":4},"end":{"line":227,"column":40}},"64":{"start":{"line":231,"column":4},"end":{"line":231,"column":38}},"65":{"start":{"line":235,"column":4},"end":{"line":235,"column":36}},"66":{"start":{"line":239,"column":4},"end":{"line":239,"column":37}},"67":{"start":{"line":243,"column":4},"end":{"line":243,"column":38}},"68":{"start":{"line":247,"column":4},"end":{"line":247,"column":37}},"69":{"start":{"line":251,"column":4},"end":{"line":251,"column":38}},"70":{"start":{"line":257,"column":4},"end":{"line":257,"column":70}},"71":{"start":{"line":258,"column":4},"end":{"line":258,"column":68}},"72":{"start":{"line":259,"column":4},"end":{"line":259,"column":66}},"73":{"start":{"line":261,"column":4},"end":{"line":261,"column":51}},"74":{"start":{"line":266,"column":1},"end":{"line":266,"column":19}}},"branchMap":{"1":{"line":128,"type":"if","locations":[{"start":{"line":128,"column":4},"end":{"line":128,"column":4}},{"start":{"line":128,"column":4},"end":{"line":128,"column":4}}]},"2":{"line":128,"type":"binary-expr","locations":[{"start":{"line":128,"column":7},"end":{"line":128,"column":16}},{"start":{"line":128,"column":20},"end":{"line":128,"column":36}}]}}}}